<?xml version="1.0" encoding="utf-8"?><testsuites name="pytest tests"><testsuite name="pytest" errors="0" failures="0" skipped="0" tests="20" time="13.141" timestamp="2026-05-09T03:53:16.701043+00:00" hostname="agent-env-cc166192-71b6-4a56-84dd-5d9b3107a63b"><testcase classname="backend.tests.test_studyflow_api.TestHealth" name="test_root" time="0.337" /><testcase classname="backend.tests.test_studyflow_api.TestAuth" name="test_guest_creates_session" time="0.052" /><testcase classname="backend.tests.test_studyflow_api.TestAuth" name="test_me_returns_user" time="0.048" /><testcase classname="backend.tests.test_studyflow_api.TestAuth" name="test_me_unauthenticated" time="0.043" /><testcase classname="backend.tests.test_studyflow_api.TestTasks" name="test_create_list_update_delete" time="0.246" /><testcase classname="backend.tests.test_studyflow_api.TestNotes" name="test_create_list_update_delete" time="0.187" /><testcase classname="backend.tests.test_studyflow_api.TestPomodoro" name="test_log_and_list" time="0.094" /><testcase classname="backend.tests.test_studyflow_api.TestPrep" name="test_get_default_then_update" time="0.095" /><testcase classname="backend.tests.test_studyflow_api.TestAnalytics" name="test_summary_structure" time="0.052" /><testcase classname="backend.tests.test_studyflow_api.TestChat" name="test_chat_message_and_history" time="5.608" /><testcase classname="backend.tests.test_studyflow_api.TestSchedule" name="test_schedule_returns_plan" time="5.794" /><testcase classname="backend.tests.test_studyflow_api.TestLogoutZ" name="test_logout_invalidates" time="0.180" /><testcase classname="backend.tests.test_validation_bounds.TestPrepBounds" name="test_sat_progress_above_max_returns_422" time="0.048" /><testcase classname="backend.tests.test_validation_bounds.TestPrepBounds" name="test_sat_progress_below_min_returns_422" time="0.045" /><testcase classname="backend.tests.test_validation_bounds.TestPrepBounds" name="test_ielts_progress_above_max_returns_422" time="0.046" /><testcase classname="backend.tests.test_validation_bounds.TestPrepBounds" name="test_sat_progress_50_succeeds" time="0.046" /><testcase classname="backend.tests.test_validation_bounds.TestPomodoroBounds" name="test_duration_zero_returns_422" time="0.046" /><testcase classname="backend.tests.test_validation_bounds.TestPomodoroBounds" name="test_duration_above_max_returns_422" time="0.045" /><testcase classname="backend.tests.test_validation_bounds.TestPomodoroBounds" name="test_duration_25_succeeds" time="0.049" /><testcase classname="backend.tests.test_validation_bounds.TestPomodoroBounds" name="test_duration_240_succeeds_at_boundary" time="0.047" /></testsuite></testsuites>