<?xml version="1.0" encoding="utf-8"?><testsuites name="pytest tests"><testsuite name="pytest" errors="0" failures="0" skipped="0" tests="12" time="15.033" timestamp="2026-05-09T03:42:52.787522+00:00" hostname="agent-env-cc166192-71b6-4a56-84dd-5d9b3107a63b"><testcase classname="backend.tests.test_studyflow_api.TestHealth" name="test_root" time="0.140" /><testcase classname="backend.tests.test_studyflow_api.TestAuth" name="test_guest_creates_session" time="0.088" /><testcase classname="backend.tests.test_studyflow_api.TestAuth" name="test_me_returns_user" time="0.083" /><testcase classname="backend.tests.test_studyflow_api.TestAuth" name="test_me_unauthenticated" time="0.061" /><testcase classname="backend.tests.test_studyflow_api.TestTasks" name="test_create_list_update_delete" time="0.389" /><testcase classname="backend.tests.test_studyflow_api.TestNotes" name="test_create_list_update_delete" time="0.290" /><testcase classname="backend.tests.test_studyflow_api.TestPomodoro" name="test_log_and_list" time="0.168" /><testcase classname="backend.tests.test_studyflow_api.TestPrep" name="test_get_default_then_update" time="0.160" /><testcase classname="backend.tests.test_studyflow_api.TestAnalytics" name="test_summary_structure" time="0.076" /><testcase classname="backend.tests.test_studyflow_api.TestChat" name="test_chat_message_and_history" time="6.237" /><testcase classname="backend.tests.test_studyflow_api.TestSchedule" name="test_schedule_returns_plan" time="7.034" /><testcase classname="backend.tests.test_studyflow_api.TestLogoutZ" name="test_logout_invalidates" time="0.265" /></testsuite></testsuites>